\BOOKMARK [1][-]{section.1}{Problem Specification}{}% 1
\BOOKMARK [1][-]{section.2}{Hypotheses}{}% 2
\BOOKMARK [1][-]{section.3}{Queries and Commands}{}% 3
\BOOKMARK [2][-]{subsection.3.1}{Queries}{section.3}% 4
\BOOKMARK [3][-]{subsubsection.3.1.1}{Total number of vaccinations ordered per day [VACCINES INDEX]}{subsection.3.1}% 5
\BOOKMARK [3][-]{subsubsection.3.1.2}{Total number of vaccinations group by region and provider [VACCINES INDEX]}{subsection.3.1}% 6
\BOOKMARK [3][-]{subsubsection.3.1.3}{Astrazeneca doses grouped by age range [VACCINES INDEX]}{subsection.3.1}% 7
\BOOKMARK [3][-]{subsubsection.3.1.4}{Find all the informations about the vaccinations in Lombardia on the 25-11-2021 [VACCINES INDEX]}{subsection.3.1}% 8
\BOOKMARK [3][-]{subsubsection.3.1.5}{Find all the vaccinations not in the islands in the age range 80+ [VACCINES INDEX]}{subsection.3.1}% 9
\BOOKMARK [3][-]{subsubsection.3.1.6}{Find the most infected country in the World [GLOBAL\137COVID INDEX] }{subsection.3.1}% 10
\BOOKMARK [3][-]{subsubsection.3.1.7}{Find the number of positive people per region [INFECTION\137REGION INDEX] }{subsection.3.1}% 11
\BOOKMARK [3][-]{subsubsection.3.1.8}{Find the more common variants in a country in a week[VARIANTI INDEX] }{subsection.3.1}% 12
\BOOKMARK [2][-]{subsection.3.2}{Commands}{section.3}% 13
\BOOKMARK [3][-]{subsubsection.3.2.1}{Update the number of vaccinations in a record \(UPDATE\) [VACCINES INDEX]}{subsection.3.2}% 14
\BOOKMARK [3][-]{subsubsection.3.2.2}{Delete a document \(DELETE\) [VACCINES INDEX] }{subsection.3.2}% 15
\BOOKMARK [1][-]{section.4}{DashBoard}{}% 16
\BOOKMARK [2][-]{subsection.4.1}{Total doses per day in Italy}{section.4}% 17
\BOOKMARK [2][-]{subsection.4.2}{Total doses per region and provider in Italy}{section.4}% 18
\BOOKMARK [2][-]{subsection.4.3}{Total doses per age range and provider in Italy}{section.4}% 19
\BOOKMARK [2][-]{subsection.4.4}{Gender comparison on total vaccinations in Italy}{section.4}% 20
\BOOKMARK [2][-]{subsection.4.5}{Trend of vaccines compared with deaths and infections in Italy}{section.4}% 21
\BOOKMARK [2][-]{subsection.4.6}{Trend of new cases in the world}{section.4}% 22
\BOOKMARK [2][-]{subsection.4.7}{Trend of new cases in the italian regions}{section.4}% 23
\BOOKMARK [2][-]{subsection.4.8}{Trend of intensive care occupation and hospitalization in Italy}{section.4}% 24
\BOOKMARK [2][-]{subsection.4.9}{Mortality in the italian regions}{section.4}% 25
\BOOKMARK [2][-]{subsection.4.10}{Variants percentage spread of variants in a given week}{section.4}% 26
\BOOKMARK [1][-]{section.5}{References \046 Sources}{}% 27
